0 0 0 0 0 -inf 50
63072000 nan nan nan nan nan 50
126144000 nan nan nan nan nan 50
189216000 nan nan nan nan nan 50
252288000 nan nan nan nan nan 50
315360000 nan nan nan nan nan 50
378432000 nan nan nan nan nan 50
441504000 nan nan nan nan nan 50
504576000 nan nan nan nan nan 50
567648000 nan nan nan nan nan 50
630720000 nan nan nan nan nan 50
693792000 nan nan nan nan nan 50
756864000 nan nan nan nan nan 50
819936000 nan nan nan nan nan 50
883008000 nan nan nan nan nan 50
946080000 nan nan nan nan nan 50
1009152000 nan nan nan nan nan 50
1072224000 nan nan nan nan nan 50
1135296000 nan nan nan nan nan 50
1198368000 nan nan nan nan nan 50
1261440000 nan nan nan nan nan 50
1324512000 nan nan nan nan nan 50
1387584000 nan nan nan nan nan 50
1450656000 nan nan nan nan nan 50
1513728000 nan nan nan nan nan 50
1576800000 nan nan nan nan nan 50
1639872000 nan nan nan nan nan 50
1702944000 nan nan nan nan nan 50
1766016000 nan nan nan nan nan 50
1829088000 nan nan nan nan nan 50
1892160000 nan nan nan nan nan 50
1955232000 nan nan nan nan nan 50
2018304000 nan nan nan nan nan 50
2081376000 nan nan nan nan nan 50
2144448000 nan nan nan nan nan 50
2207520000 nan nan nan nan nan 50
2270592000 nan nan nan nan nan 50
2333664000 nan nan nan nan nan 50
2396736000 nan nan nan nan nan 50
2459808000 nan nan nan nan nan 50
2522880000 nan nan nan nan nan 50
2585952000 nan nan nan nan nan 50
2649024000 nan nan nan nan nan 50
2712096000 nan nan nan nan nan 50
2775168000 nan nan nan nan nan 50
2838240000 nan nan nan nan nan 50
2901312000 nan nan nan nan nan 50
2964384000 nan nan nan nan nan 50
3027456000 nan nan nan nan nan 50
3090528000 nan nan nan nan nan 50
3153600000 nan nan nan nan nan 50
