0 0 0 0 0 -inf 100
31536000 nan nan nan nan nan 100
63072000 nan nan nan nan nan 100
94608000 nan nan nan nan nan 100
126144000 nan nan nan nan nan 100
157680000 nan nan nan nan nan 100
189216000 nan nan nan nan nan 100
220752000 nan nan nan nan nan 100
252288000 nan nan nan nan nan 100
283824000 nan nan nan nan nan 100
315360000 nan nan nan nan nan 100
346896000 nan nan nan nan nan 100
378432000 nan nan nan nan nan 100
409968000 nan nan nan nan nan 100
441504000 nan nan nan nan nan 100
473040000 nan nan nan nan nan 100
504576000 nan nan nan nan nan 100
536112000 nan nan nan nan nan 100
567648000 nan nan nan nan nan 100
599184000 nan nan nan nan nan 100
630720000 nan nan nan nan nan 100
662256000 nan nan nan nan nan 100
693792000 nan nan nan nan nan 100
725328000 nan nan nan nan nan 100
756864000 nan nan nan nan nan 100
788400000 nan nan nan nan nan 100
819936000 nan nan nan nan nan 100
851472000 nan nan nan nan nan 100
883008000 nan nan nan nan nan 100
914544000 nan nan nan nan nan 100
946080000 nan nan nan nan nan 100
977616000 nan nan nan nan nan 100
1009152000 nan nan nan nan nan 100
1040688000 nan nan nan nan nan 100
1072224000 nan nan nan nan nan 100
1103760000 nan nan nan nan nan 100
1135296000 nan nan nan nan nan 100
1166832000 nan nan nan nan nan 100
1198368000 nan nan nan nan nan 100
1229904000 nan nan nan nan nan 100
1261440000 nan nan nan nan nan 100
1292976000 nan nan nan nan nan 100
1324512000 nan nan nan nan nan 100
1356048000 nan nan nan nan nan 100
1387584000 nan nan nan nan nan 100
1419120000 nan nan nan nan nan 100
1450656000 nan nan nan nan nan 100
1482192000 nan nan nan nan nan 100
1513728000 nan nan nan nan nan 100
1545264000 nan nan nan nan nan 100
1576800000 nan nan nan nan nan 100
1608336000 nan nan nan nan nan 100
1639872000 nan nan nan nan nan 100
1671408000 nan nan nan nan nan 100
1702944000 nan nan nan nan nan 100
1734480000 nan nan nan nan nan 100
1766016000 nan nan nan nan nan 100
1797552000 nan nan nan nan nan 100
1829088000 nan nan nan nan nan 100
1860624000 nan nan nan nan nan 100
1892160000 nan nan nan nan nan 100
1923696000 nan nan nan nan nan 100
1955232000 nan nan nan nan nan 100
1986768000 nan nan nan nan nan 100
2018304000 nan nan nan nan nan 100
2049840000 nan nan nan nan nan 100
2081376000 nan nan nan nan nan 100
2112912000 nan nan nan nan nan 100
2144448000 nan nan nan nan nan 100
2175984000 nan nan nan nan nan 100
2207520000 nan nan nan nan nan 100
2239056000 nan nan nan nan nan 100
2270592000 nan nan nan nan nan 100
2302128000 nan nan nan nan nan 100
2333664000 nan nan nan nan nan 100
2365200000 nan nan nan nan nan 100
2396736000 nan nan nan nan nan 100
2428272000 nan nan nan nan nan 100
2459808000 nan nan nan nan nan 100
2491344000 nan nan nan nan nan 100
2522880000 nan nan nan nan nan 100
2554416000 nan nan nan nan nan 100
2585952000 nan nan nan nan nan 100
2617488000 nan nan nan nan nan 100
2649024000 nan nan nan nan nan 100
2680560000 nan nan nan nan nan 100
2712096000 nan nan nan nan nan 100
2743632000 nan nan nan nan nan 100
2775168000 nan nan nan nan nan 100
2806704000 nan nan nan nan nan 100
2838240000 nan nan nan nan nan 100
2869776000 nan nan nan nan nan 100
2901312000 nan nan nan nan nan 100
2932848000 nan nan nan nan nan 100
2964384000 nan nan nan nan nan 100
2995920000 nan nan nan nan nan 100
3027456000 nan nan nan nan nan 100
3058992000 nan nan nan nan nan 100
3090528000 nan nan nan nan nan 100
3122064000 nan nan nan nan nan 100
3153600000 nan nan nan nan nan 100
