0 -11000 nan 1556215765276.49 0 nan 1000
3153600 nan nan nan nan nan 1000
6307200 nan nan nan nan nan 1000
9460800 nan nan nan nan nan 1000
12614400 nan nan nan nan nan 1000
15768000 nan nan nan nan nan 1000
18921600 nan nan nan nan nan 1000
22075200 nan nan nan nan nan 1000
25228800 nan nan nan nan nan 1000
28382400 nan nan nan nan nan 1000
31536000 nan nan nan nan nan 1000
34689600 nan nan nan nan nan 1000
37843200 nan nan nan nan nan 1000
40996800 nan nan nan nan nan 1000
44150400 nan nan nan nan nan 1000
47304000 nan nan nan nan nan 1000
50457600 nan nan nan nan nan 1000
53611200 nan nan nan nan nan 1000
56764800 nan nan nan nan nan 1000
59918400 nan nan nan nan nan 1000
63072000 nan nan nan nan nan 1000
66225600 nan nan nan nan nan 1000
69379200 nan nan nan nan nan 1000
72532800 nan nan nan nan nan 1000
75686400 nan nan nan nan nan 1000
78840000 nan nan nan nan nan 1000
81993600 nan nan nan nan nan 1000
85147200 nan nan nan nan nan 1000
88300800 nan nan nan nan nan 1000
91454400 nan nan nan nan nan 1000
94608000 nan nan nan nan nan 1000
97761600 nan nan nan nan nan 1000
100915200 nan nan nan nan nan 1000
104068800 nan nan nan nan nan 1000
107222400 nan nan nan nan nan 1000
110376000 nan nan nan nan nan 1000
113529600 nan nan nan nan nan 1000
116683200 nan nan nan nan nan 1000
119836800 nan nan nan nan nan 1000
122990400 nan nan nan nan nan 1000
126144000 nan nan nan nan nan 1000
129297600 nan nan nan nan nan 1000
132451200 nan nan nan nan nan 1000
135604800 nan nan nan nan nan 1000
138758400 nan nan nan nan nan 1000
141912000 nan nan nan nan nan 1000
145065600 nan nan nan nan nan 1000
148219200 nan nan nan nan nan 1000
151372800 nan nan nan nan nan 1000
154526400 nan nan nan nan nan 1000
157680000 nan nan nan nan nan 1000
160833600 nan nan nan nan nan 1000
163987200 nan nan nan nan nan 1000
167140800 nan nan nan nan nan 1000
170294400 nan nan nan nan nan 1000
173448000 nan nan nan nan nan 1000
176601600 nan nan nan nan nan 1000
179755200 nan nan nan nan nan 1000
182908800 nan nan nan nan nan 1000
186062400 nan nan nan nan nan 1000
189216000 nan nan nan nan nan 1000
192369600 nan nan nan nan nan 1000
195523200 nan nan nan nan nan 1000
198676800 nan nan nan nan nan 1000
201830400 nan nan nan nan nan 1000
204984000 nan nan nan nan nan 1000
208137600 nan nan nan nan nan 1000
211291200 nan nan nan nan nan 1000
214444800 nan nan nan nan nan 1000
217598400 nan nan nan nan nan 1000
220752000 nan nan nan nan nan 1000
223905600 nan nan nan nan nan 1000
227059200 nan nan nan nan nan 1000
230212800 nan nan nan nan nan 1000
233366400 nan nan nan nan nan 1000
236520000 nan nan nan nan nan 1000
239673600 nan nan nan nan nan 1000
242827200 nan nan nan nan nan 1000
245980800 nan nan nan nan nan 1000
249134400 nan nan nan nan nan 1000
252288000 nan nan nan nan nan 1000
255441600 nan nan nan nan nan 1000
258595200 nan nan nan nan nan 1000
261748800 nan nan nan nan nan 1000
264902400 nan nan nan nan nan 1000
268056000 nan nan nan nan nan 1000
271209600 nan nan nan nan nan 1000
274363200 nan nan nan nan nan 1000
277516800 nan nan nan nan nan 1000
280670400 nan nan nan nan nan 1000
283824000 nan nan nan nan nan 1000
286977600 nan nan nan nan nan 1000
290131200 nan nan nan nan nan 1000
293284800 nan nan nan nan nan 1000
296438400 nan nan nan nan nan 1000
299592000 nan nan nan nan nan 1000
302745600 nan nan nan nan nan 1000
305899200 nan nan nan nan nan 1000
309052800 nan nan nan nan nan 1000
312206400 nan nan nan nan nan 1000
315360000 nan nan nan nan nan 1000
318513600 nan nan nan nan nan 1000
321667200 nan nan nan nan nan 1000
324820800 nan nan nan nan nan 1000
327974400 nan nan nan nan nan 1000
331128000 nan nan nan nan nan 1000
334281600 nan nan nan nan nan 1000
337435200 nan nan nan nan nan 1000
340588800 nan nan nan nan nan 1000
343742400 nan nan nan nan nan 1000
346896000 nan nan nan nan nan 1000
350049600 nan nan nan nan nan 1000
353203200 nan nan nan nan nan 1000
356356800 nan nan nan nan nan 1000
359510400 nan nan nan nan nan 1000
362664000 nan nan nan nan nan 1000
365817600 nan nan nan nan nan 1000
368971200 nan nan nan nan nan 1000
372124800 nan nan nan nan nan 1000
375278400 nan nan nan nan nan 1000
378432000 nan nan nan nan nan 1000
381585600 nan nan nan nan nan 1000
384739200 nan nan nan nan nan 1000
387892800 nan nan nan nan nan 1000
391046400 nan nan nan nan nan 1000
394200000 nan nan nan nan nan 1000
397353600 nan nan nan nan nan 1000
400507200 nan nan nan nan nan 1000
403660800 nan nan nan nan nan 1000
406814400 nan nan nan nan nan 1000
409968000 nan nan nan nan nan 1000
413121600 nan nan nan nan nan 1000
416275200 nan nan nan nan nan 1000
419428800 nan nan nan nan nan 1000
422582400 nan nan nan nan nan 1000
425736000 nan nan nan nan nan 1000
428889600 nan nan nan nan nan 1000
432043200 nan nan nan nan nan 1000
435196800 nan nan nan nan nan 1000
438350400 nan nan nan nan nan 1000
441504000 nan nan nan nan nan 1000
444657600 nan nan nan nan nan 1000
447811200 nan nan nan nan nan 1000
450964800 nan nan nan nan nan 1000
454118400 nan nan nan nan nan 1000
457272000 nan nan nan nan nan 1000
460425600 nan nan nan nan nan 1000
463579200 nan nan nan nan nan 1000
466732800 nan nan nan nan nan 1000
469886400 nan nan nan nan nan 1000
473040000 nan nan nan nan nan 1000
476193600 nan nan nan nan nan 1000
479347200 nan nan nan nan nan 1000
482500800 nan nan nan nan nan 1000
485654400 nan nan nan nan nan 1000
488808000 nan nan nan nan nan 1000
491961600 nan nan nan nan nan 1000
495115200 nan nan nan nan nan 1000
498268800 nan nan nan nan nan 1000
501422400 nan nan nan nan nan 1000
504576000 nan nan nan nan nan 1000
507729600 nan nan nan nan nan 1000
510883200 nan nan nan nan nan 1000
514036800 nan nan nan nan nan 1000
517190400 nan nan nan nan nan 1000
520344000 nan nan nan nan nan 1000
523497600 nan nan nan nan nan 1000
526651200 nan nan nan nan nan 1000
529804800 nan nan nan nan nan 1000
532958400 nan nan nan nan nan 1000
536112000 nan nan nan nan nan 1000
539265600 nan nan nan nan nan 1000
542419200 nan nan nan nan nan 1000
545572800 nan nan nan nan nan 1000
548726400 nan nan nan nan nan 1000
551880000 nan nan nan nan nan 1000
555033600 nan nan nan nan nan 1000
558187200 nan nan nan nan nan 1000
561340800 nan nan nan nan nan 1000
564494400 nan nan nan nan nan 1000
567648000 nan nan nan nan nan 1000
570801600 nan nan nan nan nan 1000
573955200 nan nan nan nan nan 1000
577108800 nan nan nan nan nan 1000
580262400 nan nan nan nan nan 1000
583416000 nan nan nan nan nan 1000
586569600 nan nan nan nan nan 1000
589723200 nan nan nan nan nan 1000
592876800 nan nan nan nan nan 1000
596030400 nan nan nan nan nan 1000
599184000 nan nan nan nan nan 1000
602337600 nan nan nan nan nan 1000
605491200 nan nan nan nan nan 1000
608644800 nan nan nan nan nan 1000
611798400 nan nan nan nan nan 1000
614952000 nan nan nan nan nan 1000
618105600 nan nan nan nan nan 1000
621259200 nan nan nan nan nan 1000
624412800 nan nan nan nan nan 1000
627566400 nan nan nan nan nan 1000
630720000 nan nan nan nan nan 1000
633873600 nan nan nan nan nan 1000
637027200 nan nan nan nan nan 1000
640180800 nan nan nan nan nan 1000
643334400 nan nan nan nan nan 1000
646488000 nan nan nan nan nan 1000
649641600 nan nan nan nan nan 1000
652795200 nan nan nan nan nan 1000
655948800 nan nan nan nan nan 1000
659102400 nan nan nan nan nan 1000
662256000 nan nan nan nan nan 1000
665409600 nan nan nan nan nan 1000
668563200 nan nan nan nan nan 1000
671716800 nan nan nan nan nan 1000
674870400 nan nan nan nan nan 1000
678024000 nan nan nan nan nan 1000
681177600 nan nan nan nan nan 1000
684331200 nan nan nan nan nan 1000
687484800 nan nan nan nan nan 1000
690638400 nan nan nan nan nan 1000
693792000 nan nan nan nan nan 1000
696945600 nan nan nan nan nan 1000
700099200 nan nan nan nan nan 1000
703252800 nan nan nan nan nan 1000
706406400 nan nan nan nan nan 1000
709560000 nan nan nan nan nan 1000
712713600 nan nan nan nan nan 1000
715867200 nan nan nan nan nan 1000
719020800 nan nan nan nan nan 1000
722174400 nan nan nan nan nan 1000
725328000 nan nan nan nan nan 1000
728481600 nan nan nan nan nan 1000
731635200 nan nan nan nan nan 1000
734788800 nan nan nan nan nan 1000
737942400 nan nan nan nan nan 1000
741096000 nan nan nan nan nan 1000
744249600 nan nan nan nan nan 1000
747403200 nan nan nan nan nan 1000
750556800 nan nan nan nan nan 1000
753710400 nan nan nan nan nan 1000
756864000 nan nan nan nan nan 1000
760017600 nan nan nan nan nan 1000
763171200 nan nan nan nan nan 1000
766324800 nan nan nan nan nan 1000
769478400 nan nan nan nan nan 1000
772632000 nan nan nan nan nan 1000
775785600 nan nan nan nan nan 1000
778939200 nan nan nan nan nan 1000
782092800 nan nan nan nan nan 1000
785246400 nan nan nan nan nan 1000
788400000 nan nan nan nan nan 1000
791553600 nan nan nan nan nan 1000
794707200 nan nan nan nan nan 1000
797860800 nan nan nan nan nan 1000
801014400 nan nan nan nan nan 1000
804168000 nan nan nan nan nan 1000
807321600 nan nan nan nan nan 1000
810475200 nan nan nan nan nan 1000
813628800 nan nan nan nan nan 1000
816782400 nan nan nan nan nan 1000
819936000 nan nan nan nan nan 1000
823089600 nan nan nan nan nan 1000
826243200 nan nan nan nan nan 1000
829396800 nan nan nan nan nan 1000
832550400 nan nan nan nan nan 1000
835704000 nan nan nan nan nan 1000
838857600 nan nan nan nan nan 1000
842011200 nan nan nan nan nan 1000
845164800 nan nan nan nan nan 1000
848318400 nan nan nan nan nan 1000
851472000 nan nan nan nan nan 1000
854625600 nan nan nan nan nan 1000
857779200 nan nan nan nan nan 1000
860932800 nan nan nan nan nan 1000
864086400 nan nan nan nan nan 1000
867240000 nan nan nan nan nan 1000
870393600 nan nan nan nan nan 1000
873547200 nan nan nan nan nan 1000
876700800 nan nan nan nan nan 1000
879854400 nan nan nan nan nan 1000
883008000 nan nan nan nan nan 1000
886161600 nan nan nan nan nan 1000
889315200 nan nan nan nan nan 1000
892468800 nan nan nan nan nan 1000
895622400 nan nan nan nan nan 1000
898776000 nan nan nan nan nan 1000
901929600 nan nan nan nan nan 1000
905083200 nan nan nan nan nan 1000
908236800 nan nan nan nan nan 1000
911390400 nan nan nan nan nan 1000
914544000 nan nan nan nan nan 1000
917697600 nan nan nan nan nan 1000
920851200 nan nan nan nan nan 1000
924004800 nan nan nan nan nan 1000
927158400 nan nan nan nan nan 1000
930312000 nan nan nan nan nan 1000
933465600 nan nan nan nan nan 1000
936619200 nan nan nan nan nan 1000
939772800 nan nan nan nan nan 1000
942926400 nan nan nan nan nan 1000
946080000 nan nan nan nan nan 1000
949233600 nan nan nan nan nan 1000
952387200 nan nan nan nan nan 1000
955540800 nan nan nan nan nan 1000
958694400 nan nan nan nan nan 1000
961848000 nan nan nan nan nan 1000
965001600 nan nan nan nan nan 1000
968155200 nan nan nan nan nan 1000
971308800 nan nan nan nan nan 1000
974462400 nan nan nan nan nan 1000
977616000 nan nan nan nan nan 1000
980769600 nan nan nan nan nan 1000
983923200 nan nan nan nan nan 1000
987076800 nan nan nan nan nan 1000
990230400 nan nan nan nan nan 1000
993384000 nan nan nan nan nan 1000
996537600 nan nan nan nan nan 1000
999691200 nan nan nan nan nan 1000
1002844800 nan nan nan nan nan 1000
1005998400 nan nan nan nan nan 1000
1009152000 nan nan nan nan nan 1000
1012305600 nan nan nan nan nan 1000
1015459200 nan nan nan nan nan 1000
1018612800 nan nan nan nan nan 1000
1021766400 nan nan nan nan nan 1000
1024920000 nan nan nan nan nan 1000
1028073600 nan nan nan nan nan 1000
1031227200 nan nan nan nan nan 1000
1034380800 nan nan nan nan nan 1000
1037534400 nan nan nan nan nan 1000
1040688000 nan nan nan nan nan 1000
1043841600 nan nan nan nan nan 1000
1046995200 nan nan nan nan nan 1000
1050148800 nan nan nan nan nan 1000
1053302400 nan nan nan nan nan 1000
1056456000 nan nan nan nan nan 1000
1059609600 nan nan nan nan nan 1000
1062763200 nan nan nan nan nan 1000
1065916800 nan nan nan nan nan 1000
1069070400 nan nan nan nan nan 1000
1072224000 nan nan nan nan nan 1000
1075377600 nan nan nan nan nan 1000
1078531200 nan nan nan nan nan 1000
1081684800 nan nan nan nan nan 1000
1084838400 nan nan nan nan nan 1000
1087992000 nan nan nan nan nan 1000
1091145600 nan nan nan nan nan 1000
1094299200 nan nan nan nan nan 1000
1097452800 nan nan nan nan nan 1000
1100606400 nan nan nan nan nan 1000
1103760000 nan nan nan nan nan 1000
1106913600 nan nan nan nan nan 1000
1110067200 nan nan nan nan nan 1000
1113220800 nan nan nan nan nan 1000
1116374400 nan nan nan nan nan 1000
1119528000 nan nan nan nan nan 1000
1122681600 nan nan nan nan nan 1000
1125835200 nan nan nan nan nan 1000
1128988800 nan nan nan nan nan 1000
1132142400 nan nan nan nan nan 1000
1135296000 nan nan nan nan nan 1000
1138449600 nan nan nan nan nan 1000
1141603200 nan nan nan nan nan 1000
1144756800 nan nan nan nan nan 1000
1147910400 nan nan nan nan nan 1000
1151064000 nan nan nan nan nan 1000
1154217600 nan nan nan nan nan 1000
1157371200 nan nan nan nan nan 1000
1160524800 nan nan nan nan nan 1000
1163678400 nan nan nan nan nan 1000
1166832000 nan nan nan nan nan 1000
1169985600 nan nan nan nan nan 1000
1173139200 nan nan nan nan nan 1000
1176292800 nan nan nan nan nan 1000
1179446400 nan nan nan nan nan 1000
1182600000 nan nan nan nan nan 1000
1185753600 nan nan nan nan nan 1000
1188907200 nan nan nan nan nan 1000
1192060800 nan nan nan nan nan 1000
1195214400 nan nan nan nan nan 1000
1198368000 nan nan nan nan nan 1000
1201521600 nan nan nan nan nan 1000
1204675200 nan nan nan nan nan 1000
1207828800 nan nan nan nan nan 1000
1210982400 nan nan nan nan nan 1000
1214136000 nan nan nan nan nan 1000
1217289600 nan nan nan nan nan 1000
1220443200 nan nan nan nan nan 1000
1223596800 nan nan nan nan nan 1000
1226750400 nan nan nan nan nan 1000
1229904000 nan nan nan nan nan 1000
1233057600 nan nan nan nan nan 1000
1236211200 nan nan nan nan nan 1000
1239364800 nan nan nan nan nan 1000
1242518400 nan nan nan nan nan 1000
1245672000 nan nan nan nan nan 1000
1248825600 nan nan nan nan nan 1000
1251979200 nan nan nan nan nan 1000
1255132800 nan nan nan nan nan 1000
1258286400 nan nan nan nan nan 1000
1261440000 nan nan nan nan nan 1000
1264593600 nan nan nan nan nan 1000
1267747200 nan nan nan nan nan 1000
1270900800 nan nan nan nan nan 1000
1274054400 nan nan nan nan nan 1000
1277208000 nan nan nan nan nan 1000
1280361600 nan nan nan nan nan 1000
1283515200 nan nan nan nan nan 1000
1286668800 nan nan nan nan nan 1000
1289822400 nan nan nan nan nan 1000
1292976000 nan nan nan nan nan 1000
1296129600 nan nan nan nan nan 1000
1299283200 nan nan nan nan nan 1000
1302436800 nan nan nan nan nan 1000
1305590400 nan nan nan nan nan 1000
1308744000 nan nan nan nan nan 1000
1311897600 nan nan nan nan nan 1000
1315051200 nan nan nan nan nan 1000
1318204800 nan nan nan nan nan 1000
1321358400 nan nan nan nan nan 1000
1324512000 nan nan nan nan nan 1000
1327665600 nan nan nan nan nan 1000
1330819200 nan nan nan nan nan 1000
1333972800 nan nan nan nan nan 1000
1337126400 nan nan nan nan nan 1000
1340280000 nan nan nan nan nan 1000
1343433600 nan nan nan nan nan 1000
1346587200 nan nan nan nan nan 1000
1349740800 nan nan nan nan nan 1000
1352894400 nan nan nan nan nan 1000
1356048000 nan nan nan nan nan 1000
1359201600 nan nan nan nan nan 1000
1362355200 nan nan nan nan nan 1000
1365508800 nan nan nan nan nan 1000
1368662400 nan nan nan nan nan 1000
1371816000 nan nan nan nan nan 1000
1374969600 nan nan nan nan nan 1000
1378123200 nan nan nan nan nan 1000
1381276800 nan nan nan nan nan 1000
1384430400 nan nan nan nan nan 1000
1387584000 nan nan nan nan nan 1000
1390737600 nan nan nan nan nan 1000
1393891200 nan nan nan nan nan 1000
1397044800 nan nan nan nan nan 1000
1400198400 nan nan nan nan nan 1000
1403352000 nan nan nan nan nan 1000
1406505600 nan nan nan nan nan 1000
1409659200 nan nan nan nan nan 1000
1412812800 nan nan nan nan nan 1000
1415966400 nan nan nan nan nan 1000
1419120000 nan nan nan nan nan 1000
1422273600 nan nan nan nan nan 1000
1425427200 nan nan nan nan nan 1000
1428580800 nan nan nan nan nan 1000
1431734400 nan nan nan nan nan 1000
1434888000 nan nan nan nan nan 1000
1438041600 nan nan nan nan nan 1000
1441195200 nan nan nan nan nan 1000
1444348800 nan nan nan nan nan 1000
1447502400 nan nan nan nan nan 1000
1450656000 nan nan nan nan nan 1000
1453809600 nan nan nan nan nan 1000
1456963200 nan nan nan nan nan 1000
1460116800 nan nan nan nan nan 1000
1463270400 nan nan nan nan nan 1000
1466424000 nan nan nan nan nan 1000
1469577600 nan nan nan nan nan 1000
1472731200 nan nan nan nan nan 1000
1475884800 nan nan nan nan nan 1000
1479038400 nan nan nan nan nan 1000
1482192000 nan nan nan nan nan 1000
1485345600 nan nan nan nan nan 1000
1488499200 nan nan nan nan nan 1000
1491652800 nan nan nan nan nan 1000
1494806400 nan nan nan nan nan 1000
1497960000 nan nan nan nan nan 1000
1501113600 nan nan nan nan nan 1000
1504267200 nan nan nan nan nan 1000
1507420800 nan nan nan nan nan 1000
1510574400 nan nan nan nan nan 1000
1513728000 nan nan nan nan nan 1000
1516881600 nan nan nan nan nan 1000
1520035200 nan nan nan nan nan 1000
1523188800 nan nan nan nan nan 1000
1526342400 nan nan nan nan nan 1000
1529496000 nan nan nan nan nan 1000
1532649600 nan nan nan nan nan 1000
1535803200 nan nan nan nan nan 1000
1538956800 nan nan nan nan nan 1000
1542110400 nan nan nan nan nan 1000
1545264000 nan nan nan nan nan 1000
1548417600 nan nan nan nan nan 1000
1551571200 nan nan nan nan nan 1000
1554724800 nan nan nan nan nan 1000
1557878400 nan nan nan nan nan 1000
1561032000 nan nan nan nan nan 1000
1564185600 nan nan nan nan nan 1000
1567339200 nan nan nan nan nan 1000
1570492800 nan nan nan nan nan 1000
1573646400 nan nan nan nan nan 1000
1576800000 nan nan nan nan nan 1000
1579953600 nan nan nan nan nan 1000
1583107200 nan nan nan nan nan 1000
1586260800 nan nan nan nan nan 1000
1589414400 nan nan nan nan nan 1000
1592568000 nan nan nan nan nan 1000
1595721600 nan nan nan nan nan 1000
1598875200 nan nan nan nan nan 1000
1602028800 nan nan nan nan nan 1000
1605182400 nan nan nan nan nan 1000
1608336000 nan nan nan nan nan 1000
1611489600 nan nan nan nan nan 1000
1614643200 nan nan nan nan nan 1000
1617796800 nan nan nan nan nan 1000
1620950400 nan nan nan nan nan 1000
1624104000 nan nan nan nan nan 1000
1627257600 nan nan nan nan nan 1000
1630411200 nan nan nan nan nan 1000
1633564800 nan nan nan nan nan 1000
1636718400 nan nan nan nan nan 1000
1639872000 nan nan nan nan nan 1000
1643025600 nan nan nan nan nan 1000
1646179200 nan nan nan nan nan 1000
1649332800 nan nan nan nan nan 1000
1652486400 nan nan nan nan nan 1000
1655640000 nan nan nan nan nan 1000
1658793600 nan nan nan nan nan 1000
1661947200 nan nan nan nan nan 1000
1665100800 nan nan nan nan nan 1000
1668254400 nan nan nan nan nan 1000
1671408000 nan nan nan nan nan 1000
1674561600 nan nan nan nan nan 1000
1677715200 nan nan nan nan nan 1000
1680868800 nan nan nan nan nan 1000
1684022400 nan nan nan nan nan 1000
1687176000 nan nan nan nan nan 1000
1690329600 nan nan nan nan nan 1000
1693483200 nan nan nan nan nan 1000
1696636800 nan nan nan nan nan 1000
1699790400 nan nan nan nan nan 1000
1702944000 nan nan nan nan nan 1000
1706097600 nan nan nan nan nan 1000
1709251200 nan nan nan nan nan 1000
1712404800 nan nan nan nan nan 1000
1715558400 nan nan nan nan nan 1000
1718712000 nan nan nan nan nan 1000
1721865600 nan nan nan nan nan 1000
1725019200 nan nan nan nan nan 1000
1728172800 nan nan nan nan nan 1000
1731326400 nan nan nan nan nan 1000
1734480000 nan nan nan nan nan 1000
1737633600 nan nan nan nan nan 1000
1740787200 nan nan nan nan nan 1000
1743940800 nan nan nan nan nan 1000
1747094400 nan nan nan nan nan 1000
1750248000 nan nan nan nan nan 1000
1753401600 nan nan nan nan nan 1000
1756555200 nan nan nan nan nan 1000
1759708800 nan nan nan nan nan 1000
1762862400 nan nan nan nan nan 1000
1766016000 nan nan nan nan nan 1000
1769169600 nan nan nan nan nan 1000
1772323200 nan nan nan nan nan 1000
1775476800 nan nan nan nan nan 1000
1778630400 nan nan nan nan nan 1000
1781784000 nan nan nan nan nan 1000
1784937600 nan nan nan nan nan 1000
1788091200 nan nan nan nan nan 1000
1791244800 nan nan nan nan nan 1000
1794398400 nan nan nan nan nan 1000
1797552000 nan nan nan nan nan 1000
1800705600 nan nan nan nan nan 1000
1803859200 nan nan nan nan nan 1000
1807012800 nan nan nan nan nan 1000
1810166400 nan nan nan nan nan 1000
1813320000 nan nan nan nan nan 1000
1816473600 nan nan nan nan nan 1000
1819627200 nan nan nan nan nan 1000
1822780800 nan nan nan nan nan 1000
1825934400 nan nan nan nan nan 1000
1829088000 nan nan nan nan nan 1000
1832241600 nan nan nan nan nan 1000
1835395200 nan nan nan nan nan 1000
1838548800 nan nan nan nan nan 1000
1841702400 nan nan nan nan nan 1000
1844856000 nan nan nan nan nan 1000
1848009600 nan nan nan nan nan 1000
1851163200 nan nan nan nan nan 1000
1854316800 nan nan nan nan nan 1000
1857470400 nan nan nan nan nan 1000
1860624000 nan nan nan nan nan 1000
1863777600 nan nan nan nan nan 1000
1866931200 nan nan nan nan nan 1000
1870084800 nan nan nan nan nan 1000
1873238400 nan nan nan nan nan 1000
1876392000 nan nan nan nan nan 1000
1879545600 nan nan nan nan nan 1000
1882699200 nan nan nan nan nan 1000
1885852800 nan nan nan nan nan 1000
1889006400 nan nan nan nan nan 1000
1892160000 nan nan nan nan nan 1000
1895313600 nan nan nan nan nan 1000
1898467200 nan nan nan nan nan 1000
1901620800 nan nan nan nan nan 1000
1904774400 nan nan nan nan nan 1000
1907928000 nan nan nan nan nan 1000
1911081600 nan nan nan nan nan 1000
1914235200 nan nan nan nan nan 1000
1917388800 nan nan nan nan nan 1000
1920542400 nan nan nan nan nan 1000
1923696000 nan nan nan nan nan 1000
1926849600 nan nan nan nan nan 1000
1930003200 nan nan nan nan nan 1000
1933156800 nan nan nan nan nan 1000
1936310400 nan nan nan nan nan 1000
1939464000 nan nan nan nan nan 1000
1942617600 nan nan nan nan nan 1000
1945771200 nan nan nan nan nan 1000
1948924800 nan nan nan nan nan 1000
1952078400 nan nan nan nan nan 1000
1955232000 nan nan nan nan nan 1000
1958385600 nan nan nan nan nan 1000
1961539200 nan nan nan nan nan 1000
1964692800 nan nan nan nan nan 1000
1967846400 nan nan nan nan nan 1000
1971000000 nan nan nan nan nan 1000
1974153600 nan nan nan nan nan 1000
1977307200 nan nan nan nan nan 1000
1980460800 nan nan nan nan nan 1000
1983614400 nan nan nan nan nan 1000
1986768000 nan nan nan nan nan 1000
1989921600 nan nan nan nan nan 1000
1993075200 nan nan nan nan nan 1000
1996228800 nan nan nan nan nan 1000
1999382400 nan nan nan nan nan 1000
2002536000 nan nan nan nan nan 1000
2005689600 nan nan nan nan nan 1000
2008843200 nan nan nan nan nan 1000
2011996800 nan nan nan nan nan 1000
2015150400 nan nan nan nan nan 1000
2018304000 nan nan nan nan nan 1000
2021457600 nan nan nan nan nan 1000
2024611200 nan nan nan nan nan 1000
2027764800 nan nan nan nan nan 1000
2030918400 nan nan nan nan nan 1000
2034072000 nan nan nan nan nan 1000
2037225600 nan nan nan nan nan 1000
2040379200 nan nan nan nan nan 1000
2043532800 nan nan nan nan nan 1000
2046686400 nan nan nan nan nan 1000
2049840000 nan nan nan nan nan 1000
2052993600 nan nan nan nan nan 1000
2056147200 nan nan nan nan nan 1000
2059300800 nan nan nan nan nan 1000
2062454400 nan nan nan nan nan 1000
2065608000 nan nan nan nan nan 1000
2068761600 nan nan nan nan nan 1000
2071915200 nan nan nan nan nan 1000
2075068800 nan nan nan nan nan 1000
2078222400 nan nan nan nan nan 1000
2081376000 nan nan nan nan nan 1000
2084529600 nan nan nan nan nan 1000
2087683200 nan nan nan nan nan 1000
2090836800 nan nan nan nan nan 1000
2093990400 nan nan nan nan nan 1000
2097144000 nan nan nan nan nan 1000
2100297600 nan nan nan nan nan 1000
2103451200 nan nan nan nan nan 1000
2106604800 nan nan nan nan nan 1000
2109758400 nan nan nan nan nan 1000
2112912000 nan nan nan nan nan 1000
2116065600 nan nan nan nan nan 1000
2119219200 nan nan nan nan nan 1000
2122372800 nan nan nan nan nan 1000
2125526400 nan nan nan nan nan 1000
2128680000 nan nan nan nan nan 1000
2131833600 nan nan nan nan nan 1000
2134987200 nan nan nan nan nan 1000
2138140800 nan nan nan nan nan 1000
2141294400 nan nan nan nan nan 1000
2144448000 nan nan nan nan nan 1000
2147601600 nan nan nan nan nan 1000
2150755200 nan nan nan nan nan 1000
2153908800 nan nan nan nan nan 1000
2157062400 nan nan nan nan nan 1000
2160216000 nan nan nan nan nan 1000
2163369600 nan nan nan nan nan 1000
2166523200 nan nan nan nan nan 1000
2169676800 nan nan nan nan nan 1000
2172830400 nan nan nan nan nan 1000
2175984000 nan nan nan nan nan 1000
2179137600 nan nan nan nan nan 1000
2182291200 nan nan nan nan nan 1000
2185444800 nan nan nan nan nan 1000
2188598400 nan nan nan nan nan 1000
2191752000 nan nan nan nan nan 1000
2194905600 nan nan nan nan nan 1000
2198059200 nan nan nan nan nan 1000
2201212800 nan nan nan nan nan 1000
2204366400 nan nan nan nan nan 1000
2207520000 nan nan nan nan nan 1000
2210673600 nan nan nan nan nan 1000
2213827200 nan nan nan nan nan 1000
2216980800 nan nan nan nan nan 1000
2220134400 nan nan nan nan nan 1000
2223288000 nan nan nan nan nan 1000
2226441600 nan nan nan nan nan 1000
2229595200 nan nan nan nan nan 1000
2232748800 nan nan nan nan nan 1000
2235902400 nan nan nan nan nan 1000
2239056000 nan nan nan nan nan 1000
2242209600 nan nan nan nan nan 1000
2245363200 nan nan nan nan nan 1000
2248516800 nan nan nan nan nan 1000
2251670400 nan nan nan nan nan 1000
2254824000 nan nan nan nan nan 1000
2257977600 nan nan nan nan nan 1000
2261131200 nan nan nan nan nan 1000
2264284800 nan nan nan nan nan 1000
2267438400 nan nan nan nan nan 1000
2270592000 nan nan nan nan nan 1000
2273745600 nan nan nan nan nan 1000
2276899200 nan nan nan nan nan 1000
2280052800 nan nan nan nan nan 1000
2283206400 nan nan nan nan nan 1000
2286360000 nan nan nan nan nan 1000
2289513600 nan nan nan nan nan 1000
2292667200 nan nan nan nan nan 1000
2295820800 nan nan nan nan nan 1000
2298974400 nan nan nan nan nan 1000
2302128000 nan nan nan nan nan 1000
2305281600 nan nan nan nan nan 1000
2308435200 nan nan nan nan nan 1000
2311588800 nan nan nan nan nan 1000
2314742400 nan nan nan nan nan 1000
2317896000 nan nan nan nan nan 1000
2321049600 nan nan nan nan nan 1000
2324203200 nan nan nan nan nan 1000
2327356800 nan nan nan nan nan 1000
2330510400 nan nan nan nan nan 1000
2333664000 nan nan nan nan nan 1000
2336817600 nan nan nan nan nan 1000
2339971200 nan nan nan nan nan 1000
2343124800 nan nan nan nan nan 1000
2346278400 nan nan nan nan nan 1000
2349432000 nan nan nan nan nan 1000
2352585600 nan nan nan nan nan 1000
2355739200 nan nan nan nan nan 1000
2358892800 nan nan nan nan nan 1000
2362046400 nan nan nan nan nan 1000
2365200000 nan nan nan nan nan 1000
2368353600 nan nan nan nan nan 1000
2371507200 nan nan nan nan nan 1000
2374660800 nan nan nan nan nan 1000
2377814400 nan nan nan nan nan 1000
2380968000 nan nan nan nan nan 1000
2384121600 nan nan nan nan nan 1000
2387275200 nan nan nan nan nan 1000
2390428800 nan nan nan nan nan 1000
2393582400 nan nan nan nan nan 1000
2396736000 nan nan nan nan nan 1000
2399889600 nan nan nan nan nan 1000
2403043200 nan nan nan nan nan 1000
2406196800 nan nan nan nan nan 1000
2409350400 nan nan nan nan nan 1000
2412504000 nan nan nan nan nan 1000
2415657600 nan nan nan nan nan 1000
2418811200 nan nan nan nan nan 1000
2421964800 nan nan nan nan nan 1000
2425118400 nan nan nan nan nan 1000
2428272000 nan nan nan nan nan 1000
2431425600 nan nan nan nan nan 1000
2434579200 nan nan nan nan nan 1000
2437732800 nan nan nan nan nan 1000
2440886400 nan nan nan nan nan 1000
2444040000 nan nan nan nan nan 1000
2447193600 nan nan nan nan nan 1000
2450347200 nan nan nan nan nan 1000
2453500800 nan nan nan nan nan 1000
2456654400 nan nan nan nan nan 1000
2459808000 nan nan nan nan nan 1000
2462961600 nan nan nan nan nan 1000
2466115200 nan nan nan nan nan 1000
2469268800 nan nan nan nan nan 1000
2472422400 nan nan nan nan nan 1000
2475576000 nan nan nan nan nan 1000
2478729600 nan nan nan nan nan 1000
2481883200 nan nan nan nan nan 1000
2485036800 nan nan nan nan nan 1000
2488190400 nan nan nan nan nan 1000
2491344000 nan nan nan nan nan 1000
2494497600 nan nan nan nan nan 1000
2497651200 nan nan nan nan nan 1000
2500804800 nan nan nan nan nan 1000
2503958400 nan nan nan nan nan 1000
2507112000 nan nan nan nan nan 1000
2510265600 nan nan nan nan nan 1000
2513419200 nan nan nan nan nan 1000
2516572800 nan nan nan nan nan 1000
2519726400 nan nan nan nan nan 1000
2522880000 nan nan nan nan nan 1000
2526033600 nan nan nan nan nan 1000
2529187200 nan nan nan nan nan 1000
2532340800 nan nan nan nan nan 1000
2535494400 nan nan nan nan nan 1000
2538648000 nan nan nan nan nan 1000
2541801600 nan nan nan nan nan 1000
2544955200 nan nan nan nan nan 1000
2548108800 nan nan nan nan nan 1000
2551262400 nan nan nan nan nan 1000
2554416000 nan nan nan nan nan 1000
2557569600 nan nan nan nan nan 1000
2560723200 nan nan nan nan nan 1000
2563876800 nan nan nan nan nan 1000
2567030400 nan nan nan nan nan 1000
2570184000 nan nan nan nan nan 1000
2573337600 nan nan nan nan nan 1000
2576491200 nan nan nan nan nan 1000
2579644800 nan nan nan nan nan 1000
2582798400 nan nan nan nan nan 1000
2585952000 nan nan nan nan nan 1000
2589105600 nan nan nan nan nan 1000
2592259200 nan nan nan nan nan 1000
2595412800 nan nan nan nan nan 1000
2598566400 nan nan nan nan nan 1000
2601720000 nan nan nan nan nan 1000
2604873600 nan nan nan nan nan 1000
2608027200 nan nan nan nan nan 1000
2611180800 nan nan nan nan nan 1000
2614334400 nan nan nan nan nan 1000
2617488000 nan nan nan nan nan 1000
2620641600 nan nan nan nan nan 1000
2623795200 nan nan nan nan nan 1000
2626948800 nan nan nan nan nan 1000
2630102400 nan nan nan nan nan 1000
2633256000 nan nan nan nan nan 1000
2636409600 nan nan nan nan nan 1000
2639563200 nan nan nan nan nan 1000
2642716800 nan nan nan nan nan 1000
2645870400 nan nan nan nan nan 1000
2649024000 nan nan nan nan nan 1000
2652177600 nan nan nan nan nan 1000
2655331200 nan nan nan nan nan 1000
2658484800 nan nan nan nan nan 1000
2661638400 nan nan nan nan nan 1000
2664792000 nan nan nan nan nan 1000
2667945600 nan nan nan nan nan 1000
2671099200 nan nan nan nan nan 1000
2674252800 nan nan nan nan nan 1000
2677406400 nan nan nan nan nan 1000
2680560000 nan nan nan nan nan 1000
2683713600 nan nan nan nan nan 1000
2686867200 nan nan nan nan nan 1000
2690020800 nan nan nan nan nan 1000
2693174400 nan nan nan nan nan 1000
2696328000 nan nan nan nan nan 1000
2699481600 nan nan nan nan nan 1000
2702635200 nan nan nan nan nan 1000
2705788800 nan nan nan nan nan 1000
2708942400 nan nan nan nan nan 1000
2712096000 nan nan nan nan nan 1000
2715249600 nan nan nan nan nan 1000
2718403200 nan nan nan nan nan 1000
2721556800 nan nan nan nan nan 1000
2724710400 nan nan nan nan nan 1000
2727864000 nan nan nan nan nan 1000
2731017600 nan nan nan nan nan 1000
2734171200 nan nan nan nan nan 1000
2737324800 nan nan nan nan nan 1000
2740478400 nan nan nan nan nan 1000
2743632000 nan nan nan nan nan 1000
2746785600 nan nan nan nan nan 1000
2749939200 nan nan nan nan nan 1000
2753092800 nan nan nan nan nan 1000
2756246400 nan nan nan nan nan 1000
2759400000 nan nan nan nan nan 1000
2762553600 nan nan nan nan nan 1000
2765707200 nan nan nan nan nan 1000
2768860800 nan nan nan nan nan 1000
2772014400 nan nan nan nan nan 1000
2775168000 nan nan nan nan nan 1000
2778321600 nan nan nan nan nan 1000
2781475200 nan nan nan nan nan 1000
2784628800 nan nan nan nan nan 1000
2787782400 nan nan nan nan nan 1000
2790936000 nan nan nan nan nan 1000
2794089600 nan nan nan nan nan 1000
2797243200 nan nan nan nan nan 1000
2800396800 nan nan nan nan nan 1000
2803550400 nan nan nan nan nan 1000
2806704000 nan nan nan nan nan 1000
2809857600 nan nan nan nan nan 1000
2813011200 nan nan nan nan nan 1000
2816164800 nan nan nan nan nan 1000
2819318400 nan nan nan nan nan 1000
2822472000 nan nan nan nan nan 1000
2825625600 nan nan nan nan nan 1000
2828779200 nan nan nan nan nan 1000
2831932800 nan nan nan nan nan 1000
2835086400 nan nan nan nan nan 1000
2838240000 nan nan nan nan nan 1000
2841393600 nan nan nan nan nan 1000
2844547200 nan nan nan nan nan 1000
2847700800 nan nan nan nan nan 1000
2850854400 nan nan nan nan nan 1000
2854008000 nan nan nan nan nan 1000
2857161600 nan nan nan nan nan 1000
2860315200 nan nan nan nan nan 1000
2863468800 nan nan nan nan nan 1000
2866622400 nan nan nan nan nan 1000
2869776000 nan nan nan nan nan 1000
2872929600 nan nan nan nan nan 1000
2876083200 nan nan nan nan nan 1000
2879236800 nan nan nan nan nan 1000
2882390400 nan nan nan nan nan 1000
2885544000 nan nan nan nan nan 1000
2888697600 nan nan nan nan nan 1000
2891851200 nan nan nan nan nan 1000
2895004800 nan nan nan nan nan 1000
2898158400 nan nan nan nan nan 1000
2901312000 nan nan nan nan nan 1000
2904465600 nan nan nan nan nan 1000
2907619200 nan nan nan nan nan 1000
2910772800 nan nan nan nan nan 1000
2913926400 nan nan nan nan nan 1000
2917080000 nan nan nan nan nan 1000
2920233600 nan nan nan nan nan 1000
2923387200 nan nan nan nan nan 1000
2926540800 nan nan nan nan nan 1000
2929694400 nan nan nan nan nan 1000
2932848000 nan nan nan nan nan 1000
2936001600 nan nan nan nan nan 1000
2939155200 nan nan nan nan nan 1000
2942308800 nan nan nan nan nan 1000
2945462400 nan nan nan nan nan 1000
2948616000 nan nan nan nan nan 1000
2951769600 nan nan nan nan nan 1000
2954923200 nan nan nan nan nan 1000
2958076800 nan nan nan nan nan 1000
2961230400 nan nan nan nan nan 1000
2964384000 nan nan nan nan nan 1000
2967537600 nan nan nan nan nan 1000
2970691200 nan nan nan nan nan 1000
2973844800 nan nan nan nan nan 1000
2976998400 nan nan nan nan nan 1000
2980152000 nan nan nan nan nan 1000
2983305600 nan nan nan nan nan 1000
2986459200 nan nan nan nan nan 1000
2989612800 nan nan nan nan nan 1000
2992766400 nan nan nan nan nan 1000
2995920000 nan nan nan nan nan 1000
2999073600 nan nan nan nan nan 1000
3002227200 nan nan nan nan nan 1000
3005380800 nan nan nan nan nan 1000
3008534400 nan nan nan nan nan 1000
3011688000 nan nan nan nan nan 1000
3014841600 nan nan nan nan nan 1000
3017995200 nan nan nan nan nan 1000
3021148800 nan nan nan nan nan 1000
3024302400 nan nan nan nan nan 1000
3027456000 nan nan nan nan nan 1000
3030609600 nan nan nan nan nan 1000
3033763200 nan nan nan nan nan 1000
3036916800 nan nan nan nan nan 1000
3040070400 nan nan nan nan nan 1000
3043224000 nan nan nan nan nan 1000
3046377600 nan nan nan nan nan 1000
3049531200 nan nan nan nan nan 1000
3052684800 nan nan nan nan nan 1000
3055838400 nan nan nan nan nan 1000
3058992000 nan nan nan nan nan 1000
3062145600 nan nan nan nan nan 1000
3065299200 nan nan nan nan nan 1000
3068452800 nan nan nan nan nan 1000
3071606400 nan nan nan nan nan 1000
3074760000 nan nan nan nan nan 1000
3077913600 nan nan nan nan nan 1000
3081067200 nan nan nan nan nan 1000
3084220800 nan nan nan nan nan 1000
3087374400 nan nan nan nan nan 1000
3090528000 nan nan nan nan nan 1000
3093681600 nan nan nan nan nan 1000
3096835200 nan nan nan nan nan 1000
3099988800 nan nan nan nan nan 1000
3103142400 nan nan nan nan nan 1000
3106296000 nan nan nan nan nan 1000
3109449600 nan nan nan nan nan 1000
3112603200 nan nan nan nan nan 1000
3115756800 nan nan nan nan nan 1000
3118910400 nan nan nan nan nan 1000
3122064000 nan nan nan nan nan 1000
3125217600 nan nan nan nan nan 1000
3128371200 nan nan nan nan nan 1000
3131524800 nan nan nan nan nan 1000
3134678400 nan nan nan nan nan 1000
3137832000 nan nan nan nan nan 1000
3140985600 nan nan nan nan nan 1000
3144139200 nan nan nan nan nan 1000
3147292800 nan nan nan nan nan 1000
3150446400 nan nan nan nan nan 1000
3153600000 nan nan nan nan nan 1000
