0 0 0 0 0 -inf 20
157680000 nan nan nan nan nan 20
315360000 nan nan nan nan nan 20
473040000 nan nan nan nan nan 20
630720000 nan nan nan nan nan 20
788400000 nan nan nan nan nan 20
946080000 nan nan nan nan nan 20
1103760000 nan nan nan nan nan 20
1261440000 nan nan nan nan nan 20
1419120000 nan nan nan nan nan 20
1576800000 nan nan nan nan nan 20
1734480000 nan nan nan nan nan 20
1892160000 nan nan nan nan nan 20
2049840000 nan nan nan nan nan 20
2207520000 nan nan nan nan nan 20
2365200000 nan nan nan nan nan 20
2522880000 nan nan nan nan nan 20
2680560000 nan nan nan nan nan 20
2838240000 nan nan nan nan nan 20
2995920000 nan nan nan nan nan 20
3153600000 nan nan nan nan nan 20
