0 -11000 -24128.5578369669 1556215765276.49 0 -74850791.4126483 100
31536000 -17895.8830465634 -4479.57689721831 1058929343822.8 -489997312426.863 -135467065.380899 100
63072000 -3409.72952757679 35176.7279347633 627087365260.132 -134699158158.144 359235429.360127 100
94608000 38965.0813986764 23666.7545037355 1225920810998.07 1041300917895.87 592274410.823803 100
126144000 58608.3587961112 -21338.8558305543 2847319899691.01 1120699372531.76 583245895.473164 100
157680000 40906.9666692034 -73078.6280321729 4517450084433.74 -385677702789.054 583031156.188183 100
189216000 -13054.1588960535 -105870.181045002 5031325955601.95 -3289971280847.05 578578372.900266 100
220752000 -85703.4437769848 -98158.148500684 3484959668408.12 -6628805800550.54 574591491.381592 100
252288000 -148358.02042401 -42459.4088632784 -274621421808.017 -8961606157040.54 572153581.250956 100
283824000 -171419.979600282 49868.995443638 -5451763992850.74 -8905577590161.18 569996924.383162 100
315360000 -135858.5037891 150650.566195425 -10456727351712.2 -5715985278240.29 567566403.369434 100
346896000 -41882.898239192 223385.909294274 -13388051978776.4 303407941269.647 565270998.005207 100
378432000 88520.4957832308 235671.608759952 -12697997964476.1 7728779492403.73 563346662.495396 100
409968000 216591.229109003 171475.211561842 -7819377895580.61 14345424488398 561486932.187103 100
441504000 298244.641849483 38975.818902207 473219933843.104 17804072314426.7 559443411.262451 100
473040000 298604.368474645 -129117.917449754 10122855323880.1 16410981967212.2 557367694.116188 100
504576000 204965.930365348 -283556.361998572 18295609644944 9795395301593.22 555397129.862015 100
536112000 33710.2732261029 -372919.108366967 22209219047331 -783964097500.979 553375677.187119 100
567648000 -171661.967288723 -360188.970083841 20043625999259.2 -12633126285211.1 551198244.064392 100
599184000 -351522.795559643 -236310.252181897 11643514392297 -22305590045115.8 549007086.772049 100
630720000 -447374.710135209 -26085.848693026 -1235215114186.65 -26601457743565.3 546901424.621201 100
662256000 -420393.626624015 216132.326723189 -15258087111075.1 -23594218375294.6 544801553.364182 100
693792000 -265490.443975343 420455.137443862 -26373057225337.1 -13362922533332.2 542659349.350159 100
725328000 -16105.4556026223 521570.00630818 -30978236073140.8 1826547258511.36 540549969.620956 100
756864000 262504.168325826 479181.889052188 -27060648543118.2 17996053997733.4 538515424.274506 100
788400000 490311.514798863 292486.28154485 -14952581823900.7 30495407723565.2 536489675.753723 100
819936000 595456.81868946 3773.02196078195 2557544711137.56 35336681465583.3 534425302.796234 100
851472000 536513.188712326 -310748.368664035 20845175335400.8 30440573598642.6 532364833.330566 100
883008000 317277.424084489 -561044.718777543 34669802915656.2 16411381057386.1 530334047.770416 100
914544000 -10904.5864653416 -668983.176553737 39673735393123 -3427715834423.02 528282837.112061 100
946080000 -360832.011681206 -592346.027053113 33731576815470 -23803448456455.8 526185932.026794 100
977616000 -632604.836660171 -339845.064247879 17738241451193.3 -38893265629899.5 524090042.425385 100
1009152000 -742096.272795722 27918.0182520173 -4436480507737.05 -43986268400775.9 522021845.437134 100
1040688000 -646639.512489246 412720.230242192 -26868780916160.1 -36931243194867.7 519950848.797729 100
1072224000 -360171.508637157 704941.112167045 -43162758467392.5 -18932130025487.4 517864880.315979 100
1103760000 47256.9147476507 814743.232414092 -48271124997248.3 5583199828737.58 515796690.559937 100
1135296000 466377.290865492 699352.963932233 -40037160740785.7 30039024498033.2 513759264.267761 100
1166832000 778001.940868236 378239.473769087 -19992043708416.1 47475197652882.3 511722471.435181 100
1198368000 886870.530230575 -68910.1020470922 6867180435867.02 52525122245046.2 509670427.860901 100
1229904000 750445.668311616 -521766.253267716 33311964675607.5 43046922581776.1 507624411.689392 100
1261440000 394032.491364427 -851734.566482858 51827445395132.6 20917023295556.5 505591610.887756 100
1292976000 -92864.9916178688 -958424.151323996 56745059605912.4 -8287657907964.98 503546700.405579 100
1324512000 -578848.777877134 -799877.407623311 45958150428134.1 -36685315826905.2 501481619.137146 100
1356048000 -926085.464051629 -407535.372523432 21706173628690.4 -56216321959069.6 499420351.248962 100
1387584000 -1029350.21472169 119107.529504156 -9843793694722.88 -60927739594617.4 497372491.31488 100
1419120000 -847608.827234267 637585.488904671 -40156734897492 -48768509712306.1 495321353.62439 100
1450656000 -418734.088386696 1001000.79133453 -60638623304196.2 -22358664807657.6 493263850.739746 100
1482192000 147622.599874569 1099595.15642524 -65069976224379.1 11534684512232.1 491218544.350586 100
1513728000 697936.251480466 893601.282356855 -51475706337102.9 43723830878457.3 489189571.855469 100
1545264000 1076426.33165396 427615.526242642 -22873725413904.4 65091123435304 487159372.07251 100
1576800000 1169105.49941577 -178394.089108673 13359363843973.9 69168592097306.3 485121928.135132 100
1608336000 937816.737225117 -759860.033146064 47384160443159.7 54077485307774.8 483090143.970825 100
1639872000 434167.630008814 -1152307.3492831 69570570746835.5 23250646223827 481065399.763672 100
1671408000 -211404.659852641 -1237827.88046076 73220421128021.1 -15316796155671.8 479032412.299805 100
1702944000 -823314.822036052 -980217.953027724 56571638780879.4 -51135225873538.8 476989057.261108 100
1734480000 -1228588.7314924 -438379.585440169 23488787242307.3 -74073692339050.4 474950005.678345 100
1766016000 -1305709.29151544 246635.726061713 -17405876402119.1 -77222316407361 472918663.294922 100
1797552000 -1020768.62659642 888257.776507749 -54974481022059.4 -58956011737786 470884524.703735 100
1829088000 -440241.759179272 1305215.17755795 -78597201226862.1 -23587577574551.2 468847802.707886 100
1860624000 284067.626639376 1372697.15276449 -81171153305443.4 19625434549507.7 466820339.6698 100
1892160000 954645.338409903 1059433.31729109 -61228500156557.7 58899335666943.2 464802724.271851 100
1923696000 1382131.16779377 439745.587913058 -23546512288610.8 83137797419044.8 462783517.473145 100
1955232000 1438739.21178347 -323679.654250229 21974236300557.6 85063828171957.2 460760776.400269 100
1986768000 1096177.40862805 -1022433.17017757 62907153757949.5 63387050416813.1 458743033.616211 100
2018304000 436883.648462987 -1459280.89993242 87692166711539.9 23365154100039 456729368.83374 100
2049840000 -365449.952230381 -1503783.56318984 88897260148113 -24450980616141 454709733.637207 100
2081376000 -1091576.12718939 -1130967.20519169 65429663397295.8 -66995252938475.7 452684509.630127 100
2112912000 -1536608.37165498 -431649.748371155 23043136559764 -92256983422384.8 450663463.009521 100
2144448000 -1567778.77477815 409355.510782943 -27054300076737.5 -92668395504883.3 448647270.640869 100
2175984000 -1163769.99922292 1162028.34507513 -71160908178979.2 -67354397371613.8 446628873.859375 100
2207520000 -424038.887235807 1614057.48483214 -96828914463089.7 -22580163684176.5 444609869.806641 100
2239056000 455372.26161163 1630673.92684617 -96374209393269.4 29782763648530.5 442598275.599121 100
2270592000 1233743.3004622 1194554.03152383 -69159367101109.4 75401354453860.3 440593067.738281 100
2302128000 1691572.0321973 414047.197856059 -21976008303392.2 101404620274786 438586364.911377 100
2333664000 1692418.56582854 -503475.09430601 32634877217359.7 100011705506860 436578147.581299 100
2365200000 1223288.47940897 -1306673.78185829 79713786213571.7 70842743790696.3 434574289.371582 100
2396736000 401671.987852554 -1769095.67204834 105980754804483 21230513024353.3 432572879.627197 100
2428272000 -553637.80519852 -1752962.72592304 103577917681632 -35609082523719 430567023.366699 100
2459808000 -1380771.88703313 -1249943.51734082 72402757651545.2 -84095357718255.8 428558249.245361 100
2491344000 -1846571.98794615 -386911.788917679 20343591852168.4 -110553967719160 426553341.996338 100
2522880000 -1812257.00779151 605833.104607761 -38703757882859.5 -107069912829573 424551661.133789 100
2554416000 -1274490.35404343 1455989.08461402 -88543185716170.5 -73837699663175.3 422548329.213135 100
2585952000 -369766.328977181 1923944.55697416 -115120907217955 -19315229755088 420545531.100342 100
2617488000 660032.677233736 1870252.60459777 -110484792224244 41917220181371.7 418548847.033936 100
2649024000 1532276.25387533 1296901.21012535 -75145921159965.7 93054351438905.5 416556498.318359 100
2680560000 2001156.94717253 350236.497097234 -18145481670815.1 119678221006587 414562906.375977 100
2712096000 1926901.28188799 -716207.194188205 45247725410705.6 113819691685528 412569009.078125 100
2743632000 1317149.31764574 -1609583.67344646 97625900736729.4 76325834060970.6 410578903.645508 100
2775168000 328324.37009394 -2078152.71196582 124222556877674 16834473085727.4 408590274.729492 100
2806704000 -774326.288034142 -1982155.40048619 117071783071369 -48693468345845.6 406598309.266113 100
2838240000 -1687861.03126561 -1335208.962256 77375912658942.6 -102254844854559 404605051.221191 100
2869776000 -2154875.43842729 -304033.240344645 15382400866037.4 -128750564682062 402615301.606445 100
2901312000 -2035967.97152495 834358.566018454 -52252583451062.5 -120238276505932 400627774.93457 100
2932848000 -1351055.50591227 1767057.47326514 -106938162644619 -78294694806546.9 398639087.938477 100
2964384000 -277367.593766137 2231268.79751411 -133258898536060 -13789532783944 396651631.748535 100
2995920000 896271.653523453 2088292.67627884 -123316421462932 55923146504480.5 394669316.055664 100
3027456000 1847121.63375027 1364665.3734497 -79080781760286.9 111672802251615 392690036.379883 100
3058992000 2307276.5482992 248333.086554077 -12056206822117.9 137744217855984 390709812.688965 100
3090528000 2139083.85987517 -960032.205032956 59703175198585 126303507233796 388730049.078613 100
3122064000 1376016.05722187 -1928001.63470303 116455681647549 79732838523014.7 386753581.996582 100
3153600000 216936.562367749 -2382842.54332188 142203188264546 10182831490397.9 384777985.357422 100
